<?xml version="1.0" encoding="UTF-8"?>
<!-- Generated by org.testng.reporters.JUnitReportReporter -->
<testsuite skipped="0" hostname="Martins-MacBook-Pro.local" name="com.anooky.testproject.GoogleSearch" tests="1" failures="0" timestamp="02 MÃ¤r 2019 21:28:30 GMT" time="10.233" errors="0">
  <testcase name="SearchGoogle" time="10.233" classname="com.anooky.testproject.GoogleSearch"/>
</testsuite> <!-- com.anooky.testproject.GoogleSearch -->
