<?xml version="1.0" encoding="UTF-8"?>
<!-- Generated by org.testng.reporters.JUnitReportReporter -->
<testsuite skipped="0" hostname="Martins-MBP" name="com.anooky.testproject.GotoAnooky" tests="1" failures="0" timestamp="04 MÃ¤r 2019 07:02:37 GMT" time="15.414" errors="0">
  <testcase name="visitAnooky" time="15.414" classname="com.anooky.testproject.GotoAnooky"/>
</testsuite> <!-- com.anooky.testproject.GotoAnooky -->
